<?xml version="1.0" encoding="UTF-8"?>
<!-- Generated by org.testng.reporters.JUnitReportReporter -->
<testsuite hostname="Roshan" failures="0" tests="2" name="testLayer.LoginTest" time="5.071" errors="0" timestamp="2022-06-26T13:55:23 EDT" skipped="0">
  <testcase classname="testLayer.LoginTest" name="logovarify" time="1.532"/>
  <system-out/>
  <testcase classname="testLayer.LoginTest" name="loginTest" time="3.539"/>
  <system-out/>
</testsuite> <!-- testLayer.LoginTest -->
