<?xml version="1.0" encoding="UTF-8"?>
<!-- Generated by org.testng.reporters.JUnitReportReporter -->
<testsuite hostname="Roshan" failures="0" tests="7" name="testLayer.YourOrdersTest" time="31.160" errors="0" timestamp="2022-06-25T22:31:33 EDT" skipped="0">
  <testcase classname="testLayer.YourOrdersTest" name="clickOnBuyAgaintabTest" time="4.958"/>
  <system-out/>
  <testcase classname="testLayer.YourOrdersTest" name="varifyyourorderlogoTest" time="4.349"/>
  <system-out/>
  <testcase classname="testLayer.YourOrdersTest" name="buyitagiantabTest" time="4.629"/>
  <system-out/>
  <testcase classname="testLayer.YourOrdersTest" name="notyetshipedTest" time="4.397"/>
  <system-out/>
  <testcase classname="testLayer.YourOrdersTest" name="cancleordersTest" time="4.972"/>
  <system-out/>
  <testcase classname="testLayer.YourOrdersTest" name="dropdownorderhistoryTest" time="3.975"/>
  <system-out/>
  <testcase classname="testLayer.YourOrdersTest" name="dropdownpast3monthTest" time="3.880"/>
  <system-out/>
</testsuite> <!-- testLayer.YourOrdersTest -->
